Thread processing: https://en.wikipedia.org/wiki/Linux (depth: 0)
Thread processing: https://creativecommons.org/licenses/by-sa/4.0/deed.en (depth: 1)
Thread processing: https://donate.wikimedia.org/?wmf_source=donate&amp;wmf_medium=sidebar&amp;wmf_campaign=en.wikipedia.org&amp;uselang=en (depth: 1)
Thread processing: https://ace.wikipedia.org/wiki/Linux (depth: 1)
Thread processing: https://af.wikipedia.org/wiki/Linux (depth: 1)
Thread processing: https://als.wikipedia.org/wiki/Linux (depth: 1)
Thread processing: https://am.wikipedia.org/wiki/%E1%88%8A%E1%8A%91%E1%8A%AD%E1%88%B5 (depth: 1)
Thread processing: https://an.wikipedia.org/wiki/Linux (depth: 1)
Thread processing: https://anp.wikipedia.org/wiki/%E0%A4%B2%E0%A4%BF%E0%A4%A8%E0%A4%95%E0%A5%8D%E0%A4%B8 (depth: 1)
Thread processing: https://ar.wikipedia.org/wiki/%D9%84%D9%8A%D9%86%D9%83%D8%B3 (depth: 1)
Thread processing: https://arc.wikipedia.org/wiki/%DC%A0%DC%9D%DC%A2%DC%98%DC%9F%DC%A3 (depth: 1)
Thread processing: https://ary.wikipedia.org/wiki/%D9%84%D9%8A%D9%86%D9%88%D9%83%D8%B3 (depth: 1)
Thread processing: https://arz.wikipedia.org/wiki/%D9%84%D9%8A%D9%86%D9%83%D8%B3 (depth: 1)
Thread processing: https://as.wikipedia.org/wiki/%E0%A6%B2%E0%A7%80%E0%A6%A8%E0%A6%BE%E0%A6%95%E0%A7%8D%E0%A6%B8 (depth: 1)
Thread processing: https://ast.wikipedia.org/wiki/Linux (depth: 1)
Thread processing: https://az.wikipedia.org/wiki/Linux (depth: 1)
Thread processing: https://azb.wikipedia.org/wiki/%D9%84%DB%8C%D9%86%D9%88%DA%A9%D8%B3 (depth: 1)
Thread processing: https://ba.wikipedia.org/wiki/Linux (depth: 1)
Thread processing: https://bar.wikipedia.org/wiki/Linux (depth: 1)
Thread processing: https://bat-smg.wikipedia.org/wiki/Linux (depth: 1)
Thread processing: https://bcl.wikipedia.org/wiki/Linux (depth: 1)
Thread processing: https://be-tarask.wikipedia.org/wiki/Linux (depth: 1)
Thread processing: https://be.wikipedia.org/wiki/Linux (depth: 1)
Thread processing: https://bg.wikipedia.org/wiki/%D0%9B%D0%B8%D0%BD%D1%83%D0%BA%D1%81 (depth: 1)
Thread processing: https://bh.wikipedia.org/wiki/%E0%A4%B2%E0%A4%BF%E0%A4%A8%E0%A4%95%E0%A5%8D%E0%A4%B8 (depth: 1)
Thread processing: https://bn.wikipedia.org/wiki/%E0%A6%B2%E0%A6%BF%E0%A6%A8%E0%A6%BE%E0%A6%95%E0%A7%8D%E0%A6%B8 (depth: 1)
Thread processing: https://br.wikipedia.org/wiki/Linux (depth: 1)
Thread processing: https://bs.wikipedia.org/wiki/Linux (depth: 1)
Thread processing: https://bug.wikipedia.org/wiki/Linux (depth: 1)
Thread processing: https://ca.wikipedia.org/wiki/Linux (depth: 1)
Thread processing: https://cdo.wikipedia.org/wiki/Linux (depth: 1)
Thread processing: https://ceb.wikipedia.org/wiki/Linux (depth: 1)
Thread processing: https://ckb.wikipedia.org/wiki/%D9%84%DB%8C%D9%86%D9%88%DA%A9%D8%B3 (depth: 1)
Thread processing: https://co.wikipedia.org/wiki/Linux (depth: 1)
Thread processing: https://cs.wikipedia.org/wiki/Linux (depth: 1)
Thread processing: https://csb.wikipedia.org/wiki/Linux (depth: 1)
Thread processing: https://cy.wikipedia.org/wiki/Linux (depth: 1)
Thread processing: https://da.wikipedia.org/wiki/Linux (depth: 1)
Thread processing: https://de.wikipedia.org/wiki/Linux (depth: 1)
Thread processing: https://diq.wikipedia.org/wiki/Linux (depth: 1)
Thread processing: https://dsb.wikipedia.org/wiki/Linux (depth: 1)
Thread processing: https://el.wikipedia.org/wiki/Linux (depth: 1)
Thread processing: https://eo.wikipedia.org/wiki/Linux (depth: 1)
Thread processing: https://es.wikipedia.org/wiki/Linux (depth: 1)
Thread processing: https://et.wikipedia.org/wiki/Linux (depth: 1)
Thread processing: https://eu.wikipedia.org/wiki/Linux (depth: 1)
Thread processing: https://fa.wikipedia.org/wiki/%D9%84%DB%8C%D9%86%D9%88%DA%A9%D8%B3 (depth: 1)
Thread processing: https://fi.wikipedia.org/wiki/Linux (depth: 1)
Thread processing: https://fiu-vro.wikipedia.org/wiki/Linux (depth: 1)
Thread processing: https://fr.wikipedia.org/wiki/Linux (depth: 1)
Thread processing: https://fy.wikipedia.org/wiki/Linux (depth: 1)
Thread processing: https://ga.wikipedia.org/wiki/Linux (depth: 1)
Thread processing: https://gl.wikipedia.org/wiki/Linux (depth: 1)

Crawl Summary:
  Pages fetched:    53
  Pages skipped:    467  (duplicates or over max-depth)
  Pages failed:     0  (fetch errors)
  Max queue depth:  1000
  Max pages limit:  50
  Max depth limit:  2
  Threads used:     4
  Runtime:          6.18 seconds
